0 info it worked if it ends with ok
1 verbose cli [ '/Users/lijung/.nvm/v6.2.1/bin/node',
1 verbose cli   '/Users/lijung/.nvm/v6.2.1/bin/npm',
1 verbose cli   'publish',
1 verbose cli   '.' ]
2 info using npm@3.9.3
3 info using node@v6.2.1
4 verbose publish [ '.' ]
5 silly cache add args [ '.', null ]
6 verbose cache add spec .
7 silly cache add parsed spec Result {
7 silly cache add   raw: '.',
7 silly cache add   scope: null,
7 silly cache add   name: null,
7 silly cache add   rawSpec: '.',
7 silly cache add   spec: '/Users/lijung/Documents/canner/react-hovertable',
7 silly cache add   type: 'directory' }
8 verbose addLocalDirectory /Users/lijung/.npm/react-hovertable/0.1.0/package.tgz not in flight; packing
9 verbose correctMkdir /Users/lijung/.npm correctMkdir not in flight; initializing
10 info lifecycle react-hovertable@0.1.0~prepublish: react-hovertable@0.1.0
11 verbose lifecycle react-hovertable@0.1.0~prepublish: unsafe-perm in lifecycle true
12 verbose lifecycle react-hovertable@0.1.0~prepublish: PATH: /Users/lijung/.nvm/v6.2.1/lib/node_modules/npm/bin/node-gyp-bin:/Users/lijung/Documents/canner/react-hovertable/node_modules/.bin:/Users/lijung/.nvm/v6.2.1/bin:/Users/lijung/.nvm/v6.2.1/bin:/usr/local/apache-maven/apache-maven-3.1.1/bin:/Users/lijung/.rvm/gems/ruby-1.9.3-p374/bin:/Users/lijung/.rvm/gems/ruby-1.9.3-p374@global/bin:/Users/lijung/.rvm/rubies/ruby-1.9.3-p374/bin:/Users/lijung/.rvm/bin:/opt/local/bin:/opt/local/sbin:/usr/bin:/bin:/usr/sbin:/sbin:/opt/X11/bin:/Applications/Postgres.app/Contents/MacOS/bin:/usr/local/bin:/usr/local/sbin:/usr/local/go/bin
13 verbose lifecycle react-hovertable@0.1.0~prepublish: CWD: /Users/lijung/Documents/canner/react-hovertable
14 silly lifecycle react-hovertable@0.1.0~prepublish: Args: [ '-c', 'npm run clean && npm run check:src && npm run build' ]
15 silly lifecycle react-hovertable@0.1.0~prepublish: Returned: code: 1  signal: null
16 info lifecycle react-hovertable@0.1.0~prepublish: Failed to exec prepublish script
17 error addLocal Could not install /Users/lijung/Documents/canner/react-hovertable
18 verbose stack Error: react-hovertable@0.1.0 prepublish: `npm run clean && npm run check:src && npm run build`
18 verbose stack Exit status 1
18 verbose stack     at EventEmitter.<anonymous> (/Users/lijung/.nvm/v6.2.1/lib/node_modules/npm/lib/utils/lifecycle.js:245:16)
18 verbose stack     at emitTwo (events.js:106:13)
18 verbose stack     at EventEmitter.emit (events.js:191:7)
18 verbose stack     at ChildProcess.<anonymous> (/Users/lijung/.nvm/v6.2.1/lib/node_modules/npm/lib/utils/spawn.js:24:14)
18 verbose stack     at emitTwo (events.js:106:13)
18 verbose stack     at ChildProcess.emit (events.js:191:7)
18 verbose stack     at maybeClose (internal/child_process.js:852:16)
18 verbose stack     at Process.ChildProcess._handle.onexit (internal/child_process.js:215:5)
19 verbose pkgid react-hovertable@0.1.0
20 verbose cwd /Users/lijung/Documents/canner/react-hovertable
21 error Darwin 15.6.0
22 error argv "/Users/lijung/.nvm/v6.2.1/bin/node" "/Users/lijung/.nvm/v6.2.1/bin/npm" "publish" "."
23 error node v6.2.1
24 error npm  v3.9.3
25 error code ELIFECYCLE
26 error react-hovertable@0.1.0 prepublish: `npm run clean && npm run check:src && npm run build`
26 error Exit status 1
27 error Failed at the react-hovertable@0.1.0 prepublish script 'npm run clean && npm run check:src && npm run build'.
27 error Make sure you have the latest version of node.js and npm installed.
27 error If you do, this is most likely a problem with the react-hovertable package,
27 error not with npm itself.
27 error Tell the author that this fails on your system:
27 error     npm run clean && npm run check:src && npm run build
27 error You can get information on how to open an issue for this project with:
27 error     npm bugs react-hovertable
27 error Or if that isn't available, you can get their info via:
27 error     npm owner ls react-hovertable
27 error There is likely additional logging output above.
28 verbose exit [ 1, true ]
